2013/10/30 下午 09:58:02 org.apache.catalina.core.AprLifecycleListener init
資訊: The APR based Apache Tomcat Native library which allows optimal performance in production environments was not found on the java.library.path: .:/Library/Java/Extensions:/System/Library/Java/Extensions:/usr/lib/java
2013/10/30 下午 09:58:02 org.apache.coyote.AbstractProtocol init
資訊: Initializing ProtocolHandler ["http-bio-8080"]
2013/10/30 下午 09:58:02 org.apache.coyote.AbstractProtocol init
資訊: Initializing ProtocolHandler ["ajp-bio-8009"]
2013/10/30 下午 09:58:02 org.apache.catalina.startup.Catalina load
資訊: Initialization processed in 1527 ms
2013/10/30 下午 09:58:03 org.apache.catalina.core.StandardService startInternal
資訊: Starting service Catalina
2013/10/30 下午 09:58:03 org.apache.catalina.core.StandardEngine startInternal
資訊: Starting Servlet Engine: Apache Tomcat/7.0.27
2013/10/30 下午 09:58:03 org.apache.catalina.startup.HostConfig deployDirectory
資訊: Deploying web application directory /Users/wukon/tmp/2013.10.30/to_fungyu/Tomcat/webapps/example
2013/10/30 下午 09:58:03 org.apache.catalina.startup.HostConfig deployDirectory
資訊: Deploying web application directory /Users/wukon/tmp/2013.10.30/to_fungyu/Tomcat/webapps/homework
2013/10/30 下午 09:58:03 org.apache.catalina.startup.HostConfig deployDirectory
資訊: Deploying web application directory /Users/wukon/tmp/2013.10.30/to_fungyu/Tomcat/webapps/host-manager
2013/10/30 下午 09:58:03 org.apache.catalina.startup.HostConfig deployDirectory
資訊: Deploying web application directory /Users/wukon/tmp/2013.10.30/to_fungyu/Tomcat/webapps/manager
2013/10/30 下午 09:58:03 org.apache.catalina.startup.HostConfig deployDirectory
資訊: Deploying web application directory /Users/wukon/tmp/2013.10.30/to_fungyu/Tomcat/webapps/ROOT
2013/10/30 下午 09:58:03 org.apache.coyote.AbstractProtocol start
資訊: Starting ProtocolHandler ["http-bio-8080"]
2013/10/30 下午 09:58:03 org.apache.coyote.AbstractProtocol start
資訊: Starting ProtocolHandler ["ajp-bio-8009"]
2013/10/30 下午 09:58:03 org.apache.catalina.startup.Catalina start
資訊: Server startup in 981 ms
