Nov 12, 2013 1:25:00 PM org.apache.catalina.core.AprLifecycleListener init
INFO: The APR based Apache Tomcat Native library which allows optimal performance in production environments was not found on the java.library.path: .:/Library/Java/Extensions:/System/Library/Java/Extensions:/usr/lib/java
Nov 12, 2013 1:25:01 PM org.apache.coyote.AbstractProtocol init
INFO: Initializing ProtocolHandler ["http-bio-8080"]
Nov 12, 2013 1:25:01 PM org.apache.coyote.AbstractProtocol init
INFO: Initializing ProtocolHandler ["ajp-bio-8009"]
Nov 12, 2013 1:25:01 PM org.apache.catalina.startup.Catalina load
INFO: Initialization processed in 996 ms
Nov 12, 2013 1:25:01 PM org.apache.catalina.core.StandardService startInternal
INFO: Starting service Catalina
Nov 12, 2013 1:25:01 PM org.apache.catalina.core.StandardEngine startInternal
INFO: Starting Servlet Engine: Apache Tomcat/7.0.27
Nov 12, 2013 1:25:01 PM org.apache.catalina.startup.HostConfig deployDirectory
INFO: Deploying web application directory /Users/itpstudent/Documents/foungyu/to_foungyu/Tomcat/webapps/example
Nov 12, 2013 1:25:01 PM org.apache.catalina.startup.HostConfig deployDirectory
INFO: Deploying web application directory /Users/itpstudent/Documents/foungyu/to_foungyu/Tomcat/webapps/homework
Nov 12, 2013 1:25:01 PM org.apache.catalina.startup.HostConfig deployDirectory
INFO: Deploying web application directory /Users/itpstudent/Documents/foungyu/to_foungyu/Tomcat/webapps/host-manager
Nov 12, 2013 1:25:01 PM org.apache.catalina.startup.HostConfig deployDirectory
INFO: Deploying web application directory /Users/itpstudent/Documents/foungyu/to_foungyu/Tomcat/webapps/manager
Nov 12, 2013 1:25:02 PM org.apache.catalina.startup.HostConfig deployDirectory
INFO: Deploying web application directory /Users/itpstudent/Documents/foungyu/to_foungyu/Tomcat/webapps/ROOT
Nov 12, 2013 1:25:02 PM org.apache.coyote.AbstractProtocol start
INFO: Starting ProtocolHandler ["http-bio-8080"]
Nov 12, 2013 1:25:02 PM org.apache.coyote.AbstractProtocol start
INFO: Starting ProtocolHandler ["ajp-bio-8009"]
Nov 12, 2013 1:25:02 PM org.apache.catalina.startup.Catalina start
INFO: Server startup in 1104 ms
Nov 12, 2013 1:26:30 PM org.apache.coyote.AbstractProtocol pause
INFO: Pausing ProtocolHandler ["http-bio-8080"]
Nov 12, 2013 1:26:30 PM org.apache.coyote.AbstractProtocol pause
INFO: Pausing ProtocolHandler ["ajp-bio-8009"]
Nov 12, 2013 1:26:30 PM org.apache.catalina.core.StandardService stopInternal
INFO: Stopping service Catalina
Nov 12, 2013 1:26:30 PM org.apache.coyote.AbstractProtocol stop
INFO: Stopping ProtocolHandler ["http-bio-8080"]
Nov 12, 2013 1:26:30 PM org.apache.coyote.AbstractProtocol stop
INFO: Stopping ProtocolHandler ["ajp-bio-8009"]
Nov 12, 2013 1:26:30 PM org.apache.coyote.AbstractProtocol destroy
INFO: Destroying ProtocolHandler ["http-bio-8080"]
Nov 12, 2013 1:26:30 PM org.apache.coyote.AbstractProtocol destroy
INFO: Destroying ProtocolHandler ["ajp-bio-8009"]
Nov 12, 2013 1:26:35 PM org.apache.catalina.core.AprLifecycleListener init
INFO: The APR based Apache Tomcat Native library which allows optimal performance in production environments was not found on the java.library.path: .:/Library/Java/Extensions:/System/Library/Java/Extensions:/usr/lib/java
Nov 12, 2013 1:26:36 PM org.apache.coyote.AbstractProtocol init
INFO: Initializing ProtocolHandler ["http-bio-8080"]
Nov 12, 2013 1:26:36 PM org.apache.coyote.AbstractProtocol init
INFO: Initializing ProtocolHandler ["ajp-bio-8009"]
Nov 12, 2013 1:26:36 PM org.apache.catalina.startup.Catalina load
INFO: Initialization processed in 697 ms
Nov 12, 2013 1:26:36 PM org.apache.catalina.core.StandardService startInternal
INFO: Starting service Catalina
Nov 12, 2013 1:26:36 PM org.apache.catalina.core.StandardEngine startInternal
INFO: Starting Servlet Engine: Apache Tomcat/7.0.27
Nov 12, 2013 1:26:36 PM org.apache.catalina.startup.HostConfig deployDirectory
INFO: Deploying web application directory /Users/itpstudent/Documents/foungyu/to_foungyu/Tomcat/webapps/example
Nov 12, 2013 1:26:36 PM org.apache.catalina.startup.HostConfig deployDirectory
INFO: Deploying web application directory /Users/itpstudent/Documents/foungyu/to_foungyu/Tomcat/webapps/homework
Nov 12, 2013 1:26:36 PM org.apache.catalina.startup.HostConfig deployDirectory
INFO: Deploying web application directory /Users/itpstudent/Documents/foungyu/to_foungyu/Tomcat/webapps/host-manager
Nov 12, 2013 1:26:36 PM org.apache.catalina.startup.HostConfig deployDirectory
INFO: Deploying web application directory /Users/itpstudent/Documents/foungyu/to_foungyu/Tomcat/webapps/manager
Nov 12, 2013 1:26:36 PM org.apache.catalina.startup.HostConfig deployDirectory
INFO: Deploying web application directory /Users/itpstudent/Documents/foungyu/to_foungyu/Tomcat/webapps/ROOT
Nov 12, 2013 1:26:36 PM org.apache.coyote.AbstractProtocol start
INFO: Starting ProtocolHandler ["http-bio-8080"]
Nov 12, 2013 1:26:36 PM org.apache.coyote.AbstractProtocol start
INFO: Starting ProtocolHandler ["ajp-bio-8009"]
Nov 12, 2013 1:26:36 PM org.apache.catalina.startup.Catalina start
INFO: Server startup in 552 ms
Nov 12, 2013 1:54:32 PM org.apache.coyote.AbstractProtocol pause
INFO: Pausing ProtocolHandler ["http-bio-8080"]
Nov 12, 2013 1:54:32 PM org.apache.coyote.AbstractProtocol pause
INFO: Pausing ProtocolHandler ["ajp-bio-8009"]
Nov 12, 2013 1:54:32 PM org.apache.catalina.core.StandardService stopInternal
INFO: Stopping service Catalina
Nov 12, 2013 1:54:33 PM org.apache.coyote.AbstractProtocol stop
INFO: Stopping ProtocolHandler ["http-bio-8080"]
Nov 12, 2013 1:54:33 PM org.apache.coyote.AbstractProtocol stop
INFO: Stopping ProtocolHandler ["ajp-bio-8009"]
Nov 12, 2013 1:54:33 PM org.apache.coyote.AbstractProtocol destroy
INFO: Destroying ProtocolHandler ["http-bio-8080"]
Nov 12, 2013 1:54:33 PM org.apache.coyote.AbstractProtocol destroy
INFO: Destroying ProtocolHandler ["ajp-bio-8009"]
Nov 12, 2013 1:54:36 PM org.apache.catalina.core.AprLifecycleListener init
INFO: The APR based Apache Tomcat Native library which allows optimal performance in production environments was not found on the java.library.path: .:/Library/Java/Extensions:/System/Library/Java/Extensions:/usr/lib/java
Nov 12, 2013 1:54:37 PM org.apache.coyote.AbstractProtocol init
INFO: Initializing ProtocolHandler ["http-bio-8080"]
Nov 12, 2013 1:54:37 PM org.apache.coyote.AbstractProtocol init
INFO: Initializing ProtocolHandler ["ajp-bio-8009"]
Nov 12, 2013 1:54:37 PM org.apache.catalina.startup.Catalina load
INFO: Initialization processed in 714 ms
Nov 12, 2013 1:54:37 PM org.apache.catalina.core.StandardService startInternal
INFO: Starting service Catalina
Nov 12, 2013 1:54:37 PM org.apache.catalina.core.StandardEngine startInternal
INFO: Starting Servlet Engine: Apache Tomcat/7.0.27
Nov 12, 2013 1:54:37 PM org.apache.catalina.startup.HostConfig deployDirectory
INFO: Deploying web application directory /Users/itpstudent/Documents/foungyu/to_foungyu/Tomcat/webapps/example
Nov 12, 2013 1:54:37 PM org.apache.catalina.startup.HostConfig deployDirectory
INFO: Deploying web application directory /Users/itpstudent/Documents/foungyu/to_foungyu/Tomcat/webapps/homework
Nov 12, 2013 1:54:37 PM org.apache.catalina.startup.HostConfig deployDirectory
INFO: Deploying web application directory /Users/itpstudent/Documents/foungyu/to_foungyu/Tomcat/webapps/host-manager
Nov 12, 2013 1:54:37 PM org.apache.catalina.startup.HostConfig deployDirectory
INFO: Deploying web application directory /Users/itpstudent/Documents/foungyu/to_foungyu/Tomcat/webapps/manager
Nov 12, 2013 1:54:37 PM org.apache.catalina.startup.HostConfig deployDirectory
INFO: Deploying web application directory /Users/itpstudent/Documents/foungyu/to_foungyu/Tomcat/webapps/ROOT
Nov 12, 2013 1:54:37 PM org.apache.coyote.AbstractProtocol start
INFO: Starting ProtocolHandler ["http-bio-8080"]
Nov 12, 2013 1:54:37 PM org.apache.coyote.AbstractProtocol start
INFO: Starting ProtocolHandler ["ajp-bio-8009"]
Nov 12, 2013 1:54:37 PM org.apache.catalina.startup.Catalina start
INFO: Server startup in 604 ms
Nov 12, 2013 4:36:59 PM org.apache.catalina.startup.HostConfig checkResources
INFO: Undeploying context [/host-manager]
Nov 12, 2013 4:36:59 PM org.apache.catalina.loader.WebappClassLoader clearReferencesJdbc
WARNING: JDBC driver de-registration failed for web application [/host-manager]
java.lang.NullPointerException
	at org.apache.catalina.loader.WebappClassLoader.clearReferencesJdbc(WebappClassLoader.java:2051)
	at org.apache.catalina.loader.WebappClassLoader.clearReferences(WebappClassLoader.java:1987)
	at org.apache.catalina.loader.WebappClassLoader.stop(WebappClassLoader.java:1899)
	at org.apache.catalina.loader.WebappLoader.stopInternal(WebappLoader.java:661)
	at org.apache.catalina.util.LifecycleBase.stop(LifecycleBase.java:232)
	at org.apache.catalina.core.StandardContext.stopInternal(StandardContext.java:5509)
	at org.apache.catalina.util.LifecycleBase.stop(LifecycleBase.java:232)
	at org.apache.catalina.core.ContainerBase.removeChild(ContainerBase.java:1030)
	at org.apache.catalina.startup.HostConfig.checkResources(HostConfig.java:1276)
	at org.apache.catalina.startup.HostConfig.check(HostConfig.java:1454)
	at org.apache.catalina.startup.HostConfig.lifecycleEvent(HostConfig.java:295)
	at org.apache.catalina.util.LifecycleSupport.fireLifecycleEvent(LifecycleSupport.java:119)
	at org.apache.catalina.util.LifecycleBase.fireLifecycleEvent(LifecycleBase.java:90)
	at org.apache.catalina.core.ContainerBase.backgroundProcess(ContainerBase.java:1379)
	at org.apache.catalina.core.ContainerBase$ContainerBackgroundProcessor.processChildren(ContainerBase.java:1537)
	at org.apache.catalina.core.ContainerBase$ContainerBackgroundProcessor.processChildren(ContainerBase.java:1547)
	at org.apache.catalina.core.ContainerBase$ContainerBackgroundProcessor.run(ContainerBase.java:1526)
	at java.lang.Thread.run(Thread.java:680)
Nov 12, 2013 4:37:00 PM org.apache.catalina.startup.HostConfig checkResources
INFO: Undeploying context []
Nov 12, 2013 4:37:00 PM org.apache.catalina.loader.WebappClassLoader clearReferencesJdbc
WARNING: JDBC driver de-registration failed for web application []
java.lang.NullPointerException
	at org.apache.catalina.loader.WebappClassLoader.clearReferencesJdbc(WebappClassLoader.java:2051)
	at org.apache.catalina.loader.WebappClassLoader.clearReferences(WebappClassLoader.java:1987)
	at org.apache.catalina.loader.WebappClassLoader.stop(WebappClassLoader.java:1899)
	at org.apache.catalina.loader.WebappLoader.stopInternal(WebappLoader.java:661)
	at org.apache.catalina.util.LifecycleBase.stop(LifecycleBase.java:232)
	at org.apache.catalina.core.StandardContext.stopInternal(StandardContext.java:5509)
	at org.apache.catalina.util.LifecycleBase.stop(LifecycleBase.java:232)
	at org.apache.catalina.core.ContainerBase.removeChild(ContainerBase.java:1030)
	at org.apache.catalina.startup.HostConfig.checkResources(HostConfig.java:1276)
	at org.apache.catalina.startup.HostConfig.check(HostConfig.java:1454)
	at org.apache.catalina.startup.HostConfig.lifecycleEvent(HostConfig.java:295)
	at org.apache.catalina.util.LifecycleSupport.fireLifecycleEvent(LifecycleSupport.java:119)
	at org.apache.catalina.util.LifecycleBase.fireLifecycleEvent(LifecycleBase.java:90)
	at org.apache.catalina.core.ContainerBase.backgroundProcess(ContainerBase.java:1379)
	at org.apache.catalina.core.ContainerBase$ContainerBackgroundProcessor.processChildren(ContainerBase.java:1537)
	at org.apache.catalina.core.ContainerBase$ContainerBackgroundProcessor.processChildren(ContainerBase.java:1547)
	at org.apache.catalina.core.ContainerBase$ContainerBackgroundProcessor.run(ContainerBase.java:1526)
	at java.lang.Thread.run(Thread.java:680)
Nov 12, 2013 4:37:01 PM org.apache.catalina.startup.HostConfig checkResources
INFO: Undeploying context [/manager]
Nov 12, 2013 4:37:01 PM org.apache.catalina.loader.WebappClassLoader clearReferencesJdbc
WARNING: JDBC driver de-registration failed for web application [/manager]
java.lang.NullPointerException
	at org.apache.catalina.loader.WebappClassLoader.clearReferencesJdbc(WebappClassLoader.java:2051)
	at org.apache.catalina.loader.WebappClassLoader.clearReferences(WebappClassLoader.java:1987)
	at org.apache.catalina.loader.WebappClassLoader.stop(WebappClassLoader.java:1899)
	at org.apache.catalina.loader.WebappLoader.stopInternal(WebappLoader.java:661)
	at org.apache.catalina.util.LifecycleBase.stop(LifecycleBase.java:232)
	at org.apache.catalina.core.StandardContext.stopInternal(StandardContext.java:5509)
	at org.apache.catalina.util.LifecycleBase.stop(LifecycleBase.java:232)
	at org.apache.catalina.core.ContainerBase.removeChild(ContainerBase.java:1030)
	at org.apache.catalina.startup.HostConfig.checkResources(HostConfig.java:1276)
	at org.apache.catalina.startup.HostConfig.check(HostConfig.java:1454)
	at org.apache.catalina.startup.HostConfig.lifecycleEvent(HostConfig.java:295)
	at org.apache.catalina.util.LifecycleSupport.fireLifecycleEvent(LifecycleSupport.java:119)
	at org.apache.catalina.util.LifecycleBase.fireLifecycleEvent(LifecycleBase.java:90)
	at org.apache.catalina.core.ContainerBase.backgroundProcess(ContainerBase.java:1379)
	at org.apache.catalina.core.ContainerBase$ContainerBackgroundProcessor.processChildren(ContainerBase.java:1537)
	at org.apache.catalina.core.ContainerBase$ContainerBackgroundProcessor.processChildren(ContainerBase.java:1547)
	at org.apache.catalina.core.ContainerBase$ContainerBackgroundProcessor.run(ContainerBase.java:1526)
	at java.lang.Thread.run(Thread.java:680)
Nov 12, 2013 4:37:02 PM org.apache.catalina.startup.HostConfig checkResources
INFO: Undeploying context [/example]
Nov 12, 2013 4:37:02 PM org.apache.catalina.loader.WebappClassLoader clearReferencesJdbc
WARNING: JDBC driver de-registration failed for web application [/example]
java.lang.NullPointerException
	at org.apache.catalina.loader.WebappClassLoader.clearReferencesJdbc(WebappClassLoader.java:2051)
	at org.apache.catalina.loader.WebappClassLoader.clearReferences(WebappClassLoader.java:1987)
	at org.apache.catalina.loader.WebappClassLoader.stop(WebappClassLoader.java:1899)
	at org.apache.catalina.loader.WebappLoader.stopInternal(WebappLoader.java:661)
	at org.apache.catalina.util.LifecycleBase.stop(LifecycleBase.java:232)
	at org.apache.catalina.core.StandardContext.stopInternal(StandardContext.java:5509)
	at org.apache.catalina.util.LifecycleBase.stop(LifecycleBase.java:232)
	at org.apache.catalina.core.ContainerBase.removeChild(ContainerBase.java:1030)
	at org.apache.catalina.startup.HostConfig.checkResources(HostConfig.java:1276)
	at org.apache.catalina.startup.HostConfig.check(HostConfig.java:1454)
	at org.apache.catalina.startup.HostConfig.lifecycleEvent(HostConfig.java:295)
	at org.apache.catalina.util.LifecycleSupport.fireLifecycleEvent(LifecycleSupport.java:119)
	at org.apache.catalina.util.LifecycleBase.fireLifecycleEvent(LifecycleBase.java:90)
	at org.apache.catalina.core.ContainerBase.backgroundProcess(ContainerBase.java:1379)
	at org.apache.catalina.core.ContainerBase$ContainerBackgroundProcessor.processChildren(ContainerBase.java:1537)
	at org.apache.catalina.core.ContainerBase$ContainerBackgroundProcessor.processChildren(ContainerBase.java:1547)
	at org.apache.catalina.core.ContainerBase$ContainerBackgroundProcessor.run(ContainerBase.java:1526)
	at java.lang.Thread.run(Thread.java:680)
Nov 12, 2013 4:37:03 PM org.apache.catalina.startup.HostConfig checkResources
INFO: Undeploying context [/homework]
Nov 12, 2013 4:37:03 PM org.apache.catalina.session.StandardManager doUnload
SEVERE: IOException while saving persisted sessions: java.io.FileNotFoundException: /Users/itpstudent/Documents/foungyu/to_foungyu/Tomcat/work/Catalina/localhost/homework/SESSIONS.ser (No such file or directory)
java.io.FileNotFoundException: /Users/itpstudent/Documents/foungyu/to_foungyu/Tomcat/work/Catalina/localhost/homework/SESSIONS.ser (No such file or directory)
	at java.io.FileOutputStream.open(Native Method)
	at java.io.FileOutputStream.<init>(FileOutputStream.java:194)
	at java.io.FileOutputStream.<init>(FileOutputStream.java:84)
	at org.apache.catalina.session.StandardManager.doUnload(StandardManager.java:386)
	at org.apache.catalina.session.StandardManager.unload(StandardManager.java:353)
	at org.apache.catalina.session.StandardManager.stopInternal(StandardManager.java:518)
	at org.apache.catalina.util.LifecycleBase.stop(LifecycleBase.java:232)
	at org.apache.catalina.core.StandardContext.stopInternal(StandardContext.java:5462)
	at org.apache.catalina.util.LifecycleBase.stop(LifecycleBase.java:232)
	at org.apache.catalina.core.ContainerBase.removeChild(ContainerBase.java:1030)
	at org.apache.catalina.startup.HostConfig.checkResources(HostConfig.java:1276)
	at org.apache.catalina.startup.HostConfig.check(HostConfig.java:1454)
	at org.apache.catalina.startup.HostConfig.lifecycleEvent(HostConfig.java:295)
	at org.apache.catalina.util.LifecycleSupport.fireLifecycleEvent(LifecycleSupport.java:119)
	at org.apache.catalina.util.LifecycleBase.fireLifecycleEvent(LifecycleBase.java:90)
	at org.apache.catalina.core.ContainerBase.backgroundProcess(ContainerBase.java:1379)
	at org.apache.catalina.core.ContainerBase$ContainerBackgroundProcessor.processChildren(ContainerBase.java:1537)
	at org.apache.catalina.core.ContainerBase$ContainerBackgroundProcessor.processChildren(ContainerBase.java:1547)
	at org.apache.catalina.core.ContainerBase$ContainerBackgroundProcessor.run(ContainerBase.java:1526)
	at java.lang.Thread.run(Thread.java:680)
Nov 12, 2013 4:37:03 PM org.apache.catalina.session.StandardManager stopInternal
SEVERE: Exception unloading sessions to persistent storage
java.io.FileNotFoundException: /Users/itpstudent/Documents/foungyu/to_foungyu/Tomcat/work/Catalina/localhost/homework/SESSIONS.ser (No such file or directory)
	at java.io.FileOutputStream.open(Native Method)
	at java.io.FileOutputStream.<init>(FileOutputStream.java:194)
	at java.io.FileOutputStream.<init>(FileOutputStream.java:84)
	at org.apache.catalina.session.StandardManager.doUnload(StandardManager.java:386)
	at org.apache.catalina.session.StandardManager.unload(StandardManager.java:353)
	at org.apache.catalina.session.StandardManager.stopInternal(StandardManager.java:518)
	at org.apache.catalina.util.LifecycleBase.stop(LifecycleBase.java:232)
	at org.apache.catalina.core.StandardContext.stopInternal(StandardContext.java:5462)
	at org.apache.catalina.util.LifecycleBase.stop(LifecycleBase.java:232)
	at org.apache.catalina.core.ContainerBase.removeChild(ContainerBase.java:1030)
	at org.apache.catalina.startup.HostConfig.checkResources(HostConfig.java:1276)
	at org.apache.catalina.startup.HostConfig.check(HostConfig.java:1454)
	at org.apache.catalina.startup.HostConfig.lifecycleEvent(HostConfig.java:295)
	at org.apache.catalina.util.LifecycleSupport.fireLifecycleEvent(LifecycleSupport.java:119)
	at org.apache.catalina.util.LifecycleBase.fireLifecycleEvent(LifecycleBase.java:90)
	at org.apache.catalina.core.ContainerBase.backgroundProcess(ContainerBase.java:1379)
	at org.apache.catalina.core.ContainerBase$ContainerBackgroundProcessor.processChildren(ContainerBase.java:1537)
	at org.apache.catalina.core.ContainerBase$ContainerBackgroundProcessor.processChildren(ContainerBase.java:1547)
	at org.apache.catalina.core.ContainerBase$ContainerBackgroundProcessor.run(ContainerBase.java:1526)
	at java.lang.Thread.run(Thread.java:680)
Nov 12, 2013 4:37:03 PM org.apache.catalina.loader.WebappClassLoader clearReferencesJdbc
WARNING: JDBC driver de-registration failed for web application [/homework]
java.lang.NullPointerException
	at org.apache.catalina.loader.WebappClassLoader.clearReferencesJdbc(WebappClassLoader.java:2051)
	at org.apache.catalina.loader.WebappClassLoader.clearReferences(WebappClassLoader.java:1987)
	at org.apache.catalina.loader.WebappClassLoader.stop(WebappClassLoader.java:1899)
	at org.apache.catalina.loader.WebappLoader.stopInternal(WebappLoader.java:661)
	at org.apache.catalina.util.LifecycleBase.stop(LifecycleBase.java:232)
	at org.apache.catalina.core.StandardContext.stopInternal(StandardContext.java:5509)
	at org.apache.catalina.util.LifecycleBase.stop(LifecycleBase.java:232)
	at org.apache.catalina.core.ContainerBase.removeChild(ContainerBase.java:1030)
	at org.apache.catalina.startup.HostConfig.checkResources(HostConfig.java:1276)
	at org.apache.catalina.startup.HostConfig.check(HostConfig.java:1454)
	at org.apache.catalina.startup.HostConfig.lifecycleEvent(HostConfig.java:295)
	at org.apache.catalina.util.LifecycleSupport.fireLifecycleEvent(LifecycleSupport.java:119)
	at org.apache.catalina.util.LifecycleBase.fireLifecycleEvent(LifecycleBase.java:90)
	at org.apache.catalina.core.ContainerBase.backgroundProcess(ContainerBase.java:1379)
	at org.apache.catalina.core.ContainerBase$ContainerBackgroundProcessor.processChildren(ContainerBase.java:1537)
	at org.apache.catalina.core.ContainerBase$ContainerBackgroundProcessor.processChildren(ContainerBase.java:1547)
	at org.apache.catalina.core.ContainerBase$ContainerBackgroundProcessor.run(ContainerBase.java:1526)
	at java.lang.Thread.run(Thread.java:680)
