2013/10/30 下午 10:10:00 org.apache.catalina.core.StandardWrapperValve invoke
嚴重的: Servlet.service() for servlet [jsp] in context with path [/homework] threw exception [Unable to compile class for JSP: 

An error occurred at line: 14 in the generated java file
Only a type can be imported. com.founyu.un.Homework resolves to a package

An error occurred at line: 9 in the jsp file: /action.jsp
Homework cannot be resolved
6: String value = request.getParameter("input");
7: 
8: if (action == "SET_VALUE_FROM_ANDROID" && value != null) {
9:     Homework.setValueFromAndroid(value);
10:     out.println("Success");
11: } else if (action == "GET_VALUE_FROM_ANDROID") {
12:     out.println(Homework.getValueFromAndroid());


An error occurred at line: 12 in the jsp file: /action.jsp
Homework cannot be resolved
9:     Homework.setValueFromAndroid(value);
10:     out.println("Success");
11: } else if (action == "GET_VALUE_FROM_ANDROID") {
12:     out.println(Homework.getValueFromAndroid());
13: } else if (action == "SET_VALUE_FROM_ARDUINO" && value != null) {
14:     Homework.setValueFromArduino(value);
15:     out.println("Success");


An error occurred at line: 14 in the jsp file: /action.jsp
Homework cannot be resolved
11: } else if (action == "GET_VALUE_FROM_ANDROID") {
12:     out.println(Homework.getValueFromAndroid());
13: } else if (action == "SET_VALUE_FROM_ARDUINO" && value != null) {
14:     Homework.setValueFromArduino(value);
15:     out.println("Success");
16: } else if (action == "GET_VALUE_FROM_ARDUINO") {
17:     out.println(Homework.getValueFromArduino());


An error occurred at line: 17 in the jsp file: /action.jsp
Homework cannot be resolved
14:     Homework.setValueFromArduino(value);
15:     out.println("Success");
16: } else if (action == "GET_VALUE_FROM_ARDUINO") {
17:     out.println(Homework.getValueFromArduino());
18: } else {
19:     out.println("Failed, action="+action+", input="+value+"");
20: }


Stacktrace:] with root cause
org.apache.jasper.JasperException: Unable to compile class for JSP: 

An error occurred at line: 14 in the generated java file
Only a type can be imported. com.founyu.un.Homework resolves to a package

An error occurred at line: 9 in the jsp file: /action.jsp
Homework cannot be resolved
6: String value = request.getParameter("input");
7: 
8: if (action == "SET_VALUE_FROM_ANDROID" && value != null) {
9:     Homework.setValueFromAndroid(value);
10:     out.println("Success");
11: } else if (action == "GET_VALUE_FROM_ANDROID") {
12:     out.println(Homework.getValueFromAndroid());


An error occurred at line: 12 in the jsp file: /action.jsp
Homework cannot be resolved
9:     Homework.setValueFromAndroid(value);
10:     out.println("Success");
11: } else if (action == "GET_VALUE_FROM_ANDROID") {
12:     out.println(Homework.getValueFromAndroid());
13: } else if (action == "SET_VALUE_FROM_ARDUINO" && value != null) {
14:     Homework.setValueFromArduino(value);
15:     out.println("Success");


An error occurred at line: 14 in the jsp file: /action.jsp
Homework cannot be resolved
11: } else if (action == "GET_VALUE_FROM_ANDROID") {
12:     out.println(Homework.getValueFromAndroid());
13: } else if (action == "SET_VALUE_FROM_ARDUINO" && value != null) {
14:     Homework.setValueFromArduino(value);
15:     out.println("Success");
16: } else if (action == "GET_VALUE_FROM_ARDUINO") {
17:     out.println(Homework.getValueFromArduino());


An error occurred at line: 17 in the jsp file: /action.jsp
Homework cannot be resolved
14:     Homework.setValueFromArduino(value);
15:     out.println("Success");
16: } else if (action == "GET_VALUE_FROM_ARDUINO") {
17:     out.println(Homework.getValueFromArduino());
18: } else {
19:     out.println("Failed, action="+action+", input="+value+"");
20: }


Stacktrace:
	at org.apache.jasper.compiler.DefaultErrorHandler.javacError(DefaultErrorHandler.java:102)
	at org.apache.jasper.compiler.ErrorDispatcher.javacError(ErrorDispatcher.java:331)
	at org.apache.jasper.compiler.JDTCompiler.generateClass(JDTCompiler.java:469)
	at org.apache.jasper.compiler.Compiler.compile(Compiler.java:378)
	at org.apache.jasper.compiler.Compiler.compile(Compiler.java:353)
	at org.apache.jasper.compiler.Compiler.compile(Compiler.java:340)
	at org.apache.jasper.JspCompilationContext.compile(JspCompilationContext.java:646)
	at org.apache.jasper.servlet.JspServletWrapper.service(JspServletWrapper.java:357)
	at org.apache.jasper.servlet.JspServlet.serviceJspFile(JspServlet.java:390)
	at org.apache.jasper.servlet.JspServlet.service(JspServlet.java:334)
	at javax.servlet.http.HttpServlet.service(HttpServlet.java:722)
	at org.apache.catalina.core.ApplicationFilterChain.internalDoFilter(ApplicationFilterChain.java:305)
	at org.apache.catalina.core.ApplicationFilterChain.doFilter(ApplicationFilterChain.java:210)
	at org.apache.catalina.core.StandardWrapperValve.invoke(StandardWrapperValve.java:225)
	at org.apache.catalina.core.StandardContextValve.invoke(StandardContextValve.java:169)
	at org.apache.catalina.core.StandardHostValve.invoke(StandardHostValve.java:168)
	at org.apache.catalina.valves.ErrorReportValve.invoke(ErrorReportValve.java:98)
	at org.apache.catalina.valves.AccessLogValve.invoke(AccessLogValve.java:927)
	at org.apache.catalina.core.StandardEngineValve.invoke(StandardEngineValve.java:118)
	at org.apache.catalina.connector.CoyoteAdapter.service(CoyoteAdapter.java:407)
	at org.apache.coyote.http11.AbstractHttp11Processor.process(AbstractHttp11Processor.java:999)
	at org.apache.coyote.AbstractProtocol$AbstractConnectionHandler.process(AbstractProtocol.java:565)
	at org.apache.tomcat.util.net.JIoEndpoint$SocketProcessor.run(JIoEndpoint.java:307)
	at java.util.concurrent.ThreadPoolExecutor$Worker.runTask(ThreadPoolExecutor.java:895)
	at java.util.concurrent.ThreadPoolExecutor$Worker.run(ThreadPoolExecutor.java:918)
	at java.lang.Thread.run(Thread.java:695)
2013/10/30 下午 10:11:27 org.apache.catalina.core.StandardWrapperValve invoke
嚴重的: Servlet.service() for servlet [jsp] in context with path [/homework] threw exception [Unable to compile class for JSP: 

An error occurred at line: 14 in the generated java file
Only a type can be imported. com.founyu.un.Homework resolves to a package

An error occurred at line: 9 in the jsp file: /action.jsp
Homework cannot be resolved
6: String value = request.getParameter("input");
7: 
8: if (action == "SET_VALUE_FROM_ANDROID" && value != null) {
9:     Homework.setValueFromAndroid(value);
10:     out.println("Success");
11: } else if (action == "GET_VALUE_FROM_ANDROID") {
12:     out.println(Homework.getValueFromAndroid());


An error occurred at line: 12 in the jsp file: /action.jsp
Homework cannot be resolved
9:     Homework.setValueFromAndroid(value);
10:     out.println("Success");
11: } else if (action == "GET_VALUE_FROM_ANDROID") {
12:     out.println(Homework.getValueFromAndroid());
13: } else if (action == "SET_VALUE_FROM_ARDUINO" && value != null) {
14:     Homework.setValueFromArduino(value);
15:     out.println("Success");


An error occurred at line: 14 in the jsp file: /action.jsp
Homework cannot be resolved
11: } else if (action == "GET_VALUE_FROM_ANDROID") {
12:     out.println(Homework.getValueFromAndroid());
13: } else if (action == "SET_VALUE_FROM_ARDUINO" && value != null) {
14:     Homework.setValueFromArduino(value);
15:     out.println("Success");
16: } else if (action == "GET_VALUE_FROM_ARDUINO") {
17:     out.println(Homework.getValueFromArduino());


An error occurred at line: 17 in the jsp file: /action.jsp
Homework cannot be resolved
14:     Homework.setValueFromArduino(value);
15:     out.println("Success");
16: } else if (action == "GET_VALUE_FROM_ARDUINO") {
17:     out.println(Homework.getValueFromArduino());
18: } else {
19:     out.println("Failed, action="+action+", input="+value+"");
20: }


Stacktrace:] with root cause
org.apache.jasper.JasperException: Unable to compile class for JSP: 

An error occurred at line: 14 in the generated java file
Only a type can be imported. com.founyu.un.Homework resolves to a package

An error occurred at line: 9 in the jsp file: /action.jsp
Homework cannot be resolved
6: String value = request.getParameter("input");
7: 
8: if (action == "SET_VALUE_FROM_ANDROID" && value != null) {
9:     Homework.setValueFromAndroid(value);
10:     out.println("Success");
11: } else if (action == "GET_VALUE_FROM_ANDROID") {
12:     out.println(Homework.getValueFromAndroid());


An error occurred at line: 12 in the jsp file: /action.jsp
Homework cannot be resolved
9:     Homework.setValueFromAndroid(value);
10:     out.println("Success");
11: } else if (action == "GET_VALUE_FROM_ANDROID") {
12:     out.println(Homework.getValueFromAndroid());
13: } else if (action == "SET_VALUE_FROM_ARDUINO" && value != null) {
14:     Homework.setValueFromArduino(value);
15:     out.println("Success");


An error occurred at line: 14 in the jsp file: /action.jsp
Homework cannot be resolved
11: } else if (action == "GET_VALUE_FROM_ANDROID") {
12:     out.println(Homework.getValueFromAndroid());
13: } else if (action == "SET_VALUE_FROM_ARDUINO" && value != null) {
14:     Homework.setValueFromArduino(value);
15:     out.println("Success");
16: } else if (action == "GET_VALUE_FROM_ARDUINO") {
17:     out.println(Homework.getValueFromArduino());


An error occurred at line: 17 in the jsp file: /action.jsp
Homework cannot be resolved
14:     Homework.setValueFromArduino(value);
15:     out.println("Success");
16: } else if (action == "GET_VALUE_FROM_ARDUINO") {
17:     out.println(Homework.getValueFromArduino());
18: } else {
19:     out.println("Failed, action="+action+", input="+value+"");
20: }


Stacktrace:
	at org.apache.jasper.compiler.DefaultErrorHandler.javacError(DefaultErrorHandler.java:102)
	at org.apache.jasper.compiler.ErrorDispatcher.javacError(ErrorDispatcher.java:331)
	at org.apache.jasper.compiler.JDTCompiler.generateClass(JDTCompiler.java:469)
	at org.apache.jasper.compiler.Compiler.compile(Compiler.java:378)
	at org.apache.jasper.compiler.Compiler.compile(Compiler.java:353)
	at org.apache.jasper.compiler.Compiler.compile(Compiler.java:340)
	at org.apache.jasper.JspCompilationContext.compile(JspCompilationContext.java:646)
	at org.apache.jasper.servlet.JspServletWrapper.service(JspServletWrapper.java:357)
	at org.apache.jasper.servlet.JspServlet.serviceJspFile(JspServlet.java:390)
	at org.apache.jasper.servlet.JspServlet.service(JspServlet.java:334)
	at javax.servlet.http.HttpServlet.service(HttpServlet.java:722)
	at org.apache.catalina.core.ApplicationFilterChain.internalDoFilter(ApplicationFilterChain.java:305)
	at org.apache.catalina.core.ApplicationFilterChain.doFilter(ApplicationFilterChain.java:210)
	at org.apache.catalina.core.StandardWrapperValve.invoke(StandardWrapperValve.java:225)
	at org.apache.catalina.core.StandardContextValve.invoke(StandardContextValve.java:169)
	at org.apache.catalina.core.StandardHostValve.invoke(StandardHostValve.java:168)
	at org.apache.catalina.valves.ErrorReportValve.invoke(ErrorReportValve.java:98)
	at org.apache.catalina.valves.AccessLogValve.invoke(AccessLogValve.java:927)
	at org.apache.catalina.core.StandardEngineValve.invoke(StandardEngineValve.java:118)
	at org.apache.catalina.connector.CoyoteAdapter.service(CoyoteAdapter.java:407)
	at org.apache.coyote.http11.AbstractHttp11Processor.process(AbstractHttp11Processor.java:999)
	at org.apache.coyote.AbstractProtocol$AbstractConnectionHandler.process(AbstractProtocol.java:565)
	at org.apache.tomcat.util.net.JIoEndpoint$SocketProcessor.run(JIoEndpoint.java:307)
	at java.util.concurrent.ThreadPoolExecutor$Worker.runTask(ThreadPoolExecutor.java:895)
	at java.util.concurrent.ThreadPoolExecutor$Worker.run(ThreadPoolExecutor.java:918)
	at java.lang.Thread.run(Thread.java:695)
2013/10/30 下午 10:15:01 org.apache.catalina.core.StandardWrapperValve invoke
嚴重的: Servlet.service() for servlet [jsp] in context with path [/homework] threw exception [Unable to compile class for JSP: 

An error occurred at line: 14 in the generated java file
Only a type can be imported. com.founyu.un.Homework resolves to a package

An error occurred at line: 9 in the jsp file: /action.jsp
Homework cannot be resolved
6: String value = request.getParameter("input");
7: 
8: if (action == "SET_VALUE_FROM_ANDROID" && value != null) {
9:     Homework.setValueFromAndroid(value);
10:     out.println("Success");
11: } else if (action == "GET_VALUE_FROM_ANDROID") {
12:     out.println(Homework.getValueFromAndroid());


An error occurred at line: 12 in the jsp file: /action.jsp
Homework cannot be resolved
9:     Homework.setValueFromAndroid(value);
10:     out.println("Success");
11: } else if (action == "GET_VALUE_FROM_ANDROID") {
12:     out.println(Homework.getValueFromAndroid());
13: } else if (action == "SET_VALUE_FROM_ARDUINO" && value != null) {
14:     Homework.setValueFromArduino(value);
15:     out.println("Success");


An error occurred at line: 14 in the jsp file: /action.jsp
Homework cannot be resolved
11: } else if (action == "GET_VALUE_FROM_ANDROID") {
12:     out.println(Homework.getValueFromAndroid());
13: } else if (action == "SET_VALUE_FROM_ARDUINO" && value != null) {
14:     Homework.setValueFromArduino(value);
15:     out.println("Success");
16: } else if (action == "GET_VALUE_FROM_ARDUINO") {
17:     out.println(Homework.getValueFromArduino());


An error occurred at line: 17 in the jsp file: /action.jsp
Homework cannot be resolved
14:     Homework.setValueFromArduino(value);
15:     out.println("Success");
16: } else if (action == "GET_VALUE_FROM_ARDUINO") {
17:     out.println(Homework.getValueFromArduino());
18: } else {
19:     out.println("Failed, action="+action+", input="+value+"");
20: }


Stacktrace:] with root cause
org.apache.jasper.JasperException: Unable to compile class for JSP: 

An error occurred at line: 14 in the generated java file
Only a type can be imported. com.founyu.un.Homework resolves to a package

An error occurred at line: 9 in the jsp file: /action.jsp
Homework cannot be resolved
6: String value = request.getParameter("input");
7: 
8: if (action == "SET_VALUE_FROM_ANDROID" && value != null) {
9:     Homework.setValueFromAndroid(value);
10:     out.println("Success");
11: } else if (action == "GET_VALUE_FROM_ANDROID") {
12:     out.println(Homework.getValueFromAndroid());


An error occurred at line: 12 in the jsp file: /action.jsp
Homework cannot be resolved
9:     Homework.setValueFromAndroid(value);
10:     out.println("Success");
11: } else if (action == "GET_VALUE_FROM_ANDROID") {
12:     out.println(Homework.getValueFromAndroid());
13: } else if (action == "SET_VALUE_FROM_ARDUINO" && value != null) {
14:     Homework.setValueFromArduino(value);
15:     out.println("Success");


An error occurred at line: 14 in the jsp file: /action.jsp
Homework cannot be resolved
11: } else if (action == "GET_VALUE_FROM_ANDROID") {
12:     out.println(Homework.getValueFromAndroid());
13: } else if (action == "SET_VALUE_FROM_ARDUINO" && value != null) {
14:     Homework.setValueFromArduino(value);
15:     out.println("Success");
16: } else if (action == "GET_VALUE_FROM_ARDUINO") {
17:     out.println(Homework.getValueFromArduino());


An error occurred at line: 17 in the jsp file: /action.jsp
Homework cannot be resolved
14:     Homework.setValueFromArduino(value);
15:     out.println("Success");
16: } else if (action == "GET_VALUE_FROM_ARDUINO") {
17:     out.println(Homework.getValueFromArduino());
18: } else {
19:     out.println("Failed, action="+action+", input="+value+"");
20: }


Stacktrace:
	at org.apache.jasper.compiler.DefaultErrorHandler.javacError(DefaultErrorHandler.java:102)
	at org.apache.jasper.compiler.ErrorDispatcher.javacError(ErrorDispatcher.java:331)
	at org.apache.jasper.compiler.JDTCompiler.generateClass(JDTCompiler.java:469)
	at org.apache.jasper.compiler.Compiler.compile(Compiler.java:378)
	at org.apache.jasper.compiler.Compiler.compile(Compiler.java:353)
	at org.apache.jasper.compiler.Compiler.compile(Compiler.java:340)
	at org.apache.jasper.JspCompilationContext.compile(JspCompilationContext.java:646)
	at org.apache.jasper.servlet.JspServletWrapper.service(JspServletWrapper.java:357)
	at org.apache.jasper.servlet.JspServlet.serviceJspFile(JspServlet.java:390)
	at org.apache.jasper.servlet.JspServlet.service(JspServlet.java:334)
	at javax.servlet.http.HttpServlet.service(HttpServlet.java:722)
	at org.apache.catalina.core.ApplicationFilterChain.internalDoFilter(ApplicationFilterChain.java:305)
	at org.apache.catalina.core.ApplicationFilterChain.doFilter(ApplicationFilterChain.java:210)
	at org.apache.catalina.core.StandardWrapperValve.invoke(StandardWrapperValve.java:225)
	at org.apache.catalina.core.StandardContextValve.invoke(StandardContextValve.java:169)
	at org.apache.catalina.core.StandardHostValve.invoke(StandardHostValve.java:168)
	at org.apache.catalina.valves.ErrorReportValve.invoke(ErrorReportValve.java:98)
	at org.apache.catalina.valves.AccessLogValve.invoke(AccessLogValve.java:927)
	at org.apache.catalina.core.StandardEngineValve.invoke(StandardEngineValve.java:118)
	at org.apache.catalina.connector.CoyoteAdapter.service(CoyoteAdapter.java:407)
	at org.apache.coyote.http11.AbstractHttp11Processor.process(AbstractHttp11Processor.java:999)
	at org.apache.coyote.AbstractProtocol$AbstractConnectionHandler.process(AbstractProtocol.java:565)
	at org.apache.tomcat.util.net.JIoEndpoint$SocketProcessor.run(JIoEndpoint.java:307)
	at java.util.concurrent.ThreadPoolExecutor$Worker.runTask(ThreadPoolExecutor.java:895)
	at java.util.concurrent.ThreadPoolExecutor$Worker.run(ThreadPoolExecutor.java:918)
	at java.lang.Thread.run(Thread.java:695)
2013/10/30 下午 10:16:57 org.apache.catalina.core.StandardWrapperValve invoke
嚴重的: Servlet.service() for servlet [jsp] in context with path [/homework] threw exception [Unable to compile class for JSP: 

An error occurred at line: 13 in the jsp file: /action.jsp
Syntax error on token "equals", ( expected after this token
10:     out.println("Success");
11: } else if (action.equals("GET_VALUE_FROM_ANDROID")) {
12:     out.println(Homework.getValueFromAndroid());
13: } else if (action.equals"SET_VALUE_FROM_ARDUINO") && value != null) {
14:     Homework.setValueFromArduino(value);
15:     out.println("Success");
16: } else if (action.equals("GET_VALUE_FROM_ARDUINO")) {


Stacktrace:] with root cause
org.apache.jasper.JasperException: Unable to compile class for JSP: 

An error occurred at line: 13 in the jsp file: /action.jsp
Syntax error on token "equals", ( expected after this token
10:     out.println("Success");
11: } else if (action.equals("GET_VALUE_FROM_ANDROID")) {
12:     out.println(Homework.getValueFromAndroid());
13: } else if (action.equals"SET_VALUE_FROM_ARDUINO") && value != null) {
14:     Homework.setValueFromArduino(value);
15:     out.println("Success");
16: } else if (action.equals("GET_VALUE_FROM_ARDUINO")) {


Stacktrace:
	at org.apache.jasper.compiler.DefaultErrorHandler.javacError(DefaultErrorHandler.java:102)
	at org.apache.jasper.compiler.ErrorDispatcher.javacError(ErrorDispatcher.java:331)
	at org.apache.jasper.compiler.JDTCompiler.generateClass(JDTCompiler.java:469)
	at org.apache.jasper.compiler.Compiler.compile(Compiler.java:378)
	at org.apache.jasper.compiler.Compiler.compile(Compiler.java:353)
	at org.apache.jasper.compiler.Compiler.compile(Compiler.java:340)
	at org.apache.jasper.JspCompilationContext.compile(JspCompilationContext.java:646)
	at org.apache.jasper.servlet.JspServletWrapper.service(JspServletWrapper.java:357)
	at org.apache.jasper.servlet.JspServlet.serviceJspFile(JspServlet.java:390)
	at org.apache.jasper.servlet.JspServlet.service(JspServlet.java:334)
	at javax.servlet.http.HttpServlet.service(HttpServlet.java:722)
	at org.apache.catalina.core.ApplicationFilterChain.internalDoFilter(ApplicationFilterChain.java:305)
	at org.apache.catalina.core.ApplicationFilterChain.doFilter(ApplicationFilterChain.java:210)
	at org.apache.catalina.core.StandardWrapperValve.invoke(StandardWrapperValve.java:225)
	at org.apache.catalina.core.StandardContextValve.invoke(StandardContextValve.java:169)
	at org.apache.catalina.core.StandardHostValve.invoke(StandardHostValve.java:168)
	at org.apache.catalina.valves.ErrorReportValve.invoke(ErrorReportValve.java:98)
	at org.apache.catalina.valves.AccessLogValve.invoke(AccessLogValve.java:927)
	at org.apache.catalina.core.StandardEngineValve.invoke(StandardEngineValve.java:118)
	at org.apache.catalina.connector.CoyoteAdapter.service(CoyoteAdapter.java:407)
	at org.apache.coyote.http11.AbstractHttp11Processor.process(AbstractHttp11Processor.java:999)
	at org.apache.coyote.AbstractProtocol$AbstractConnectionHandler.process(AbstractProtocol.java:565)
	at org.apache.tomcat.util.net.JIoEndpoint$SocketProcessor.run(JIoEndpoint.java:307)
	at java.util.concurrent.ThreadPoolExecutor$Worker.runTask(ThreadPoolExecutor.java:895)
	at java.util.concurrent.ThreadPoolExecutor$Worker.run(ThreadPoolExecutor.java:918)
	at java.lang.Thread.run(Thread.java:695)
